{"numTotalTestSuites":10,"numPassedTestSuites":10,"numFailedTestSuites":0,"numPendingTestSuites":0,"numTotalTests":1099,"numPassedTests":1099,"numFailedTests":0,"numPendingTests":0,"numTodoTests":0,"snapshot":{"added":0,"failure":false,"filesAdded":0,"filesRemoved":0,"filesRemovedList":[],"filesUnmatched":0,"filesUpdated":0,"matched":0,"total":0,"unchecked":0,"uncheckedKeysByFile":[],"unmatched":0,"updated":0,"didUpdate":false},"startTime":1767851220884,"success":true,"testResults":[{"assertionResults":[{"ancestorTitles":["Existence Validation","Component Counts"],"fullName":"Existence Validation Component Counts should have at least 100 skills","status":"passed","title":"should have at least 100 skills","duration":0.7205410000000256,"failureMessages":[],"meta":{}},{"ancestorTitles":["Existence Validation","Component Counts"],"fullName":"Existence Validation Component Counts should have at least 80 commands","status":"passed","title":"should have at least 80 commands","duration":0.1394590000001017,"failureMessages":[],"meta":{}},{"ancestorTitles":["Existence Validation","Component Counts"],"fullName":"Existence Validation Component Counts should have at least 30 agents","status":"passed","title":"should have at least 30 agents","duration":0.12970900000004804,"failureMessages":[],"meta":{}},{"ancestorTitles":["Existence Validation","Component Counts"],"fullName":"Existence Validation Component Counts should have at least 3 MCPs registered","status":"passed","title":"should have at least 3 MCPs registered","duration":0.29208300000004783,"failureMessages":[],"meta":{}},{"ancestorTitles":["Existence Validation","Agent Skill References"],"fullName":"Existence Validation Agent Skill References agent \"ai-architect-agent\" references existing skill \"ml-systems/ml-systems-fundamentals\"","status":"passed","title":"agent \"ai-architect-agent\" references existing skill \"ml-systems/ml-systems-fundamentals\"","duration":0.29520800000000236,"failureMessages":[],"meta":{}},{"ancestorTitles":["Existence Validation","Agent Skill References"],"fullName":"Existence Validation Agent Skill References agent \"ai-architect-agent\" references existing skill \"ml-systems/deployment-paradigms\"","status":"passed","title":"agent \"ai-architect-agent\" references existing skill \"ml-systems/deployment-paradigms\"","duration":0.10237500000005184,"failureMessages":[],"meta":{}},{"ancestorTitles":["Existence Validation","Agent Skill References"],"fullName":"Existence Validation Agent Skill References agent \"ai-architect-agent\" references existing skill \"ml-systems/data-eng\"","status":"passed","title":"agent \"ai-architect-agent\" references existing skill \"ml-systems/data-eng\"","duration":0.17412500000000364,"failureMessages":[],"meta":{}},{"ancestorTitles":["Existence Validation","Agent Skill References"],"fullName":"Existence Validation Agent Skill References agent \"ai-architect-agent\" references existing skill \"ml-systems/feature-engineering\"","status":"passed","title":"agent \"ai-architect-agent\" references existing skill \"ml-systems/feature-engineering\"","duration":0.1157500000000482,"failureMessages":[],"meta":{}},{"ancestorTitles":["Existence Validation","Agent Skill References"],"fullName":"Existence Validation Agent Skill References agent \"ai-architect-agent\" references existing skill \"ml-systems/ml-workflow\"","status":"passed","title":"agent \"ai-architect-agent\" references existing skill \"ml-systems/ml-workflow\"","duration":0.26920800000004874,"failureMessages":[],"meta":{}},{"ancestorTitles":["Existence Validation","Agent Skill References"],"fullName":"Existence Validation Agent Skill References agent \"ai-architect-agent\" references existing skill \"ml-systems/model-deployment\"","status":"passed","title":"agent \"ai-architect-agent\" references existing skill \"ml-systems/model-deployment\"","duration":0.12395900000001348,"failureMessages":[],"meta":{}},{"ancestorTitles":["Existence Validation","Agent Skill References"],"fullName":"Existence Validation Agent Skill References agent \"ai-architect-agent\" references existing skill \"ml-systems/mlops\"","status":"passed","title":"agent \"ai-architect-agent\" references existing skill \"ml-systems/mlops\"","duration":0.11633299999994051,"failureMessages":[],"meta":{}},{"ancestorTitles":["Existence Validation","Agent Skill References"],"fullName":"Existence Validation Agent Skill References agent \"ai-architect-agent\" references existing skill \"ml-systems/robust-ai\"","status":"passed","title":"agent \"ai-architect-agent\" references existing skill \"ml-systems/robust-ai\"","duration":0.10587500000008276,"failureMessages":[],"meta":{}},{"ancestorTitles":["Existence Validation","Agent Skill References"],"fullName":"Existence Validation Agent Skill References agent \"api-designer\" references existing skill \"backend/api-architecture\"","status":"passed","title":"agent \"api-designer\" references existing skill \"backend/api-architecture\"","duration":0.13200000000006185,"failureMessages":[],"meta":{}},{"ancestorTitles":["Existence Validation","Agent Skill References"],"fullName":"Existence Validation Agent Skill References agent \"architect\" references existing skill \"omega/omega-architecture\"","status":"passed","title":"agent \"architect\" references existing skill \"omega/omega-architecture\"","duration":0.11095799999998235,"failureMessages":[],"meta":{}},{"ancestorTitles":["Existence Validation","Agent Skill References"],"fullName":"Existence Validation Agent Skill References agent \"architect\" references existing skill \"backend/api-architecture\"","status":"passed","title":"agent \"architect\" references existing skill \"backend/api-architecture\"","duration":0.10341600000003837,"failureMessages":[],"meta":{}},{"ancestorTitles":["Existence Validation","Agent Skill References"],"fullName":"Existence Validation Agent Skill References agent \"architect\" references existing skill \"microservices/service-discovery\"","status":"passed","title":"agent \"architect\" references existing skill \"microservices/service-discovery\"","duration":0.08112500000004275,"failureMessages":[],"meta":{}},{"ancestorTitles":["Existence Validation","Agent Skill References"],"fullName":"Existence Validation Agent Skill References agent \"architect\" references existing skill \"databases/database-schema-design\"","status":"passed","title":"agent \"architect\" references existing skill \"databases/database-schema-design\"","duration":0.10075000000006185,"failureMessages":[],"meta":{}},{"ancestorTitles":["Existence Validation","Agent Skill References"],"fullName":"Existence Validation Agent Skill References agent \"brainstormer\" references existing skill \"methodology/brainstorming\"","status":"passed","title":"agent \"brainstormer\" references existing skill \"methodology/brainstorming\"","duration":0.10412499999995362,"failureMessages":[],"meta":{}},{"ancestorTitles":["Existence Validation","Agent Skill References"],"fullName":"Existence Validation Agent Skill References agent \"cicd-manager\" references existing skill \"devops/github-actions\"","status":"passed","title":"agent \"cicd-manager\" references existing skill \"devops/github-actions\"","duration":0.09870899999998528,"failureMessages":[],"meta":{}},{"ancestorTitles":["Existence Validation","Agent Skill References"],"fullName":"Existence Validation Agent Skill References agent \"cicd-manager\" references existing skill \"devops/docker\"","status":"passed","title":"agent \"cicd-manager\" references existing skill \"devops/docker\"","duration":0.07808299999999235,"failureMessages":[],"meta":{}},{"ancestorTitles":["Existence Validation","Agent Skill References"],"fullName":"Existence Validation Agent Skill References agent \"cicd-manager\" references existing skill \"devops/kubernetes\"","status":"passed","title":"agent \"cicd-manager\" references existing skill \"devops/kubernetes\"","duration":0.09933399999999892,"failureMessages":[],"meta":{}},{"ancestorTitles":["Existence Validation","Agent Skill References"],"fullName":"Existence Validation Agent Skill References agent \"code-reviewer\" references existing skill \"methodology/verification-before-completion\"","status":"passed","title":"agent \"code-reviewer\" references existing skill \"methodology/verification-before-completion\"","duration":0.10895800000002964,"failureMessages":[],"meta":{}},{"ancestorTitles":["Existence Validation","Agent Skill References"],"fullName":"Existence Validation Agent Skill References agent \"code-reviewer\" references existing skill \"methodology/receiving-code-review\"","status":"passed","title":"agent \"code-reviewer\" references existing skill \"methodology/receiving-code-review\"","duration":0.10170800000003055,"failureMessages":[],"meta":{}},{"ancestorTitles":["Existence Validation","Agent Skill References"],"fullName":"Existence Validation Agent Skill References agent \"code-reviewer\" references existing skill \"security/owasp\"","status":"passed","title":"agent \"code-reviewer\" references existing skill \"security/owasp\"","duration":0.08545800000001691,"failureMessages":[],"meta":{}},{"ancestorTitles":["Existence Validation","Agent Skill References"],"fullName":"Existence Validation Agent Skill References agent \"data-engineer\" references existing skill \"ai-engineering/dataset-engineering\"","status":"passed","title":"agent \"data-engineer\" references existing skill \"ai-engineering/dataset-engineering\"","duration":0.10291700000004766,"failureMessages":[],"meta":{}},{"ancestorTitles":["Existence Validation","Agent Skill References"],"fullName":"Existence Validation Agent Skill References agent \"data-engineer\" references existing skill \"databases/database-optimization\"","status":"passed","title":"agent \"data-engineer\" references existing skill \"databases/database-optimization\"","duration":0.09879100000000562,"failureMessages":[],"meta":{}},{"ancestorTitles":["Existence Validation","Agent Skill References"],"fullName":"Existence Validation Agent Skill References agent \"data-engineer\" references existing skill \"ai-ml/feature-stores\"","status":"passed","title":"agent \"data-engineer\" references existing skill \"ai-ml/feature-stores\"","duration":0.08437499999990905,"failureMessages":[],"meta":{}},{"ancestorTitles":["Existence Validation","Agent Skill References"],"fullName":"Existence Validation Agent Skill References agent \"data-scientist-agent\" references existing skill \"ml-systems/ml-systems-fundamentals\"","status":"passed","title":"agent \"data-scientist-agent\" references existing skill \"ml-systems/ml-systems-fundamentals\"","duration":0.09958399999993617,"failureMessages":[],"meta":{}},{"ancestorTitles":["Existence Validation","Agent Skill References"],"fullName":"Existence Validation Agent Skill References agent \"data-scientist-agent\" references existing skill \"ml-systems/data-eng\"","status":"passed","title":"agent \"data-scientist-agent\" references existing skill \"ml-systems/data-eng\"","duration":0.10520799999994779,"failureMessages":[],"meta":{}},{"ancestorTitles":["Existence Validation","Agent Skill References"],"fullName":"Existence Validation Agent Skill References agent \"data-scientist-agent\" references existing skill \"ml-systems/training-data\"","status":"passed","title":"agent \"data-scientist-agent\" references existing skill \"ml-systems/training-data\"","duration":0.07399999999995543,"failureMessages":[],"meta":{}},{"ancestorTitles":["Existence Validation","Agent Skill References"],"fullName":"Existence Validation Agent Skill References agent \"data-scientist-agent\" references existing skill \"ml-systems/feature-engineering\"","status":"passed","title":"agent \"data-scientist-agent\" references existing skill \"ml-systems/feature-engineering\"","duration":0.1558750000000373,"failureMessages":[],"meta":{}},{"ancestorTitles":["Existence Validation","Agent Skill References"],"fullName":"Existence Validation Agent Skill References agent \"data-scientist-agent\" references existing skill \"ml-systems/ml-workflow\"","status":"passed","title":"agent \"data-scientist-agent\" references existing skill \"ml-systems/ml-workflow\"","duration":0.09566699999993489,"failureMessages":[],"meta":{}},{"ancestorTitles":["Existence Validation","Agent Skill References"],"fullName":"Existence Validation Agent Skill References agent \"data-scientist-agent\" references existing skill \"ml-systems/model-dev\"","status":"passed","title":"agent \"data-scientist-agent\" references existing skill \"ml-systems/model-dev\"","duration":0.08591699999999491,"failureMessages":[],"meta":{}},{"ancestorTitles":["Existence Validation","Agent Skill References"],"fullName":"Existence Validation Agent Skill References agent \"database-admin\" references existing skill \"databases/database-optimization\"","status":"passed","title":"agent \"database-admin\" references existing skill \"databases/database-optimization\"","duration":0.06829200000004221,"failureMessages":[],"meta":{}},{"ancestorTitles":["Existence Validation","Agent Skill References"],"fullName":"Existence Validation Agent Skill References agent \"database-admin\" references existing skill \"databases/database-schema-design\"","status":"passed","title":"agent \"database-admin\" references existing skill \"databases/database-schema-design\"","duration":0.08933300000001054,"failureMessages":[],"meta":{}},{"ancestorTitles":["Existence Validation","Agent Skill References"],"fullName":"Existence Validation Agent Skill References agent \"database-admin\" references existing skill \"databases/database-migration\"","status":"passed","title":"agent \"database-admin\" references existing skill \"databases/database-migration\"","duration":0.0898339999999962,"failureMessages":[],"meta":{}},{"ancestorTitles":["Existence Validation","Agent Skill References"],"fullName":"Existence Validation Agent Skill References agent \"database-admin\" references existing skill \"databases/database-management\"","status":"passed","title":"agent \"database-admin\" references existing skill \"databases/database-management\"","duration":0.0847919999999931,"failureMessages":[],"meta":{}},{"ancestorTitles":["Existence Validation","Agent Skill References"],"fullName":"Existence Validation Agent Skill References agent \"database-admin\" references existing skill \"databases/postgresql\"","status":"passed","title":"agent \"database-admin\" references existing skill \"databases/postgresql\"","duration":0.0725840000000062,"failureMessages":[],"meta":{}},{"ancestorTitles":["Existence Validation","Agent Skill References"],"fullName":"Existence Validation Agent Skill References agent \"debugger\" references existing skill \"methodology/systematic-debugging\"","status":"passed","title":"agent \"debugger\" references existing skill \"methodology/systematic-debugging\"","duration":0.09212500000001,"failureMessages":[],"meta":{}},{"ancestorTitles":["Existence Validation","Agent Skill References"],"fullName":"Existence Validation Agent Skill References agent \"debugger\" references existing skill \"methodology/root-cause-tracing\"","status":"passed","title":"agent \"debugger\" references existing skill \"methodology/root-cause-tracing\"","duration":0.08837500000004184,"failureMessages":[],"meta":{}},{"ancestorTitles":["Existence Validation","Agent Skill References"],"fullName":"Existence Validation Agent Skill References agent \"debugger\" references existing skill \"methodology/problem-solving\"","status":"passed","title":"agent \"debugger\" references existing skill \"methodology/problem-solving\"","duration":0.06500000000005457,"failureMessages":[],"meta":{}},{"ancestorTitles":["Existence Validation","Agent Skill References"],"fullName":"Existence Validation Agent Skill References agent \"devsecops\" references existing skill \"security/security-hardening\"","status":"passed","title":"agent \"devsecops\" references existing skill \"security/security-hardening\"","duration":0.06174999999996089,"failureMessages":[],"meta":{}},{"ancestorTitles":["Existence Validation","Agent Skill References"],"fullName":"Existence Validation Agent Skill References agent \"devsecops\" references existing skill \"devops/github-actions\"","status":"passed","title":"agent \"devsecops\" references existing skill \"devops/github-actions\"","duration":0.08595900000000256,"failureMessages":[],"meta":{}},{"ancestorTitles":["Existence Validation","Agent Skill References"],"fullName":"Existence Validation Agent Skill References agent \"devsecops\" references existing skill \"devops/docker\"","status":"passed","title":"agent \"devsecops\" references existing skill \"devops/docker\"","duration":0.08225000000004457,"failureMessages":[],"meta":{}},{"ancestorTitles":["Existence Validation","Agent Skill References"],"fullName":"Existence Validation Agent Skill References agent \"docs-manager\" references existing skill \"methodology/writing-plans\"","status":"passed","title":"agent \"docs-manager\" references existing skill \"methodology/writing-plans\"","duration":0.06891600000005838,"failureMessages":[],"meta":{}},{"ancestorTitles":["Existence Validation","Agent Skill References"],"fullName":"Existence Validation Agent Skill References agent \"domain-decomposer\" references existing skill \"microservices/service-discovery\"","status":"passed","title":"agent \"domain-decomposer\" references existing skill \"microservices/service-discovery\"","duration":0.08512500000006185,"failureMessages":[],"meta":{}},{"ancestorTitles":["Existence Validation","Agent Skill References"],"fullName":"Existence Validation Agent Skill References agent \"domain-decomposer\" references existing skill \"microservices/api-gateway-patterns\"","status":"passed","title":"agent \"domain-decomposer\" references existing skill \"microservices/api-gateway-patterns\"","duration":0.09095899999999801,"failureMessages":[],"meta":{}},{"ancestorTitles":["Existence Validation","Agent Skill References"],"fullName":"Existence Validation Agent Skill References agent \"embedded-systems\" references existing skill \"iot/edge-computing\"","status":"passed","title":"agent \"embedded-systems\" references existing skill \"iot/edge-computing\"","duration":0.06579199999998764,"failureMessages":[],"meta":{}},{"ancestorTitles":["Existence Validation","Agent Skill References"],"fullName":"Existence Validation Agent Skill References agent \"embedded-systems\" references existing skill \"iot/device-provisioning\"","status":"passed","title":"agent \"embedded-systems\" references existing skill \"iot/device-provisioning\"","duration":0.08666700000003402,"failureMessages":[],"meta":{}},{"ancestorTitles":["Existence Validation","Agent Skill References"],"fullName":"Existence Validation Agent Skill References agent \"embedded-systems\" references existing skill \"iot/mqtt-deep\"","status":"passed","title":"agent \"embedded-systems\" references existing skill \"iot/mqtt-deep\"","duration":0.08595900000000256,"failureMessages":[],"meta":{}},{"ancestorTitles":["Existence Validation","Agent Skill References"],"fullName":"Existence Validation Agent Skill References agent \"embedded-systems\" references existing skill \"iot/ota-updates\"","status":"passed","title":"agent \"embedded-systems\" references existing skill \"iot/ota-updates\"","duration":0.08104200000002493,"failureMessages":[],"meta":{}},{"ancestorTitles":["Existence Validation","Agent Skill References"],"fullName":"Existence Validation Agent Skill References agent \"experiment-analyst-agent\" references existing skill \"ml-systems/ml-workflow\"","status":"passed","title":"agent \"experiment-analyst-agent\" references existing skill \"ml-systems/ml-workflow\"","duration":0.06754100000000562,"failureMessages":[],"meta":{}},{"ancestorTitles":["Existence Validation","Agent Skill References"],"fullName":"Existence Validation Agent Skill References agent \"experiment-analyst-agent\" references existing skill \"ml-systems/model-dev\"","status":"passed","title":"agent \"experiment-analyst-agent\" references existing skill \"ml-systems/model-dev\"","duration":0.08650000000000091,"failureMessages":[],"meta":{}},{"ancestorTitles":["Existence Validation","Agent Skill References"],"fullName":"Existence Validation Agent Skill References agent \"experiment-analyst-agent\" references existing skill \"ml-systems/training-data\"","status":"passed","title":"agent \"experiment-analyst-agent\" references existing skill \"ml-systems/training-data\"","duration":0.08350000000007185,"failureMessages":[],"meta":{}},{"ancestorTitles":["Existence Validation","Agent Skill References"],"fullName":"Existence Validation Agent Skill References agent \"fullstack-developer\" references existing skill \"methodology/executing-plans\"","status":"passed","title":"agent \"fullstack-developer\" references existing skill \"methodology/executing-plans\"","duration":1.3491249999999582,"failureMessages":[],"meta":{}},{"ancestorTitles":["Existence Validation","Agent Skill References"],"fullName":"Existence Validation Agent Skill References agent \"fullstack-developer\" references existing skill \"methodology/verification-before-completion\"","status":"passed","title":"agent \"fullstack-developer\" references existing skill \"methodology/verification-before-completion\"","duration":0.07845800000006875,"failureMessages":[],"meta":{}},{"ancestorTitles":["Existence Validation","Agent Skill References"],"fullName":"Existence Validation Agent Skill References agent \"fullstack-developer\" references existing skill \"methodology/test-driven-development\"","status":"passed","title":"agent \"fullstack-developer\" references existing skill \"methodology/test-driven-development\"","duration":0.08329100000003109,"failureMessages":[],"meta":{}},{"ancestorTitles":["Existence Validation","Agent Skill References"],"fullName":"Existence Validation Agent Skill References agent \"fullstack-developer\" references existing skill \"methodology/test-enforcement\"","status":"passed","title":"agent \"fullstack-developer\" references existing skill \"methodology/test-enforcement\"","duration":0.08658299999990504,"failureMessages":[],"meta":{}},{"ancestorTitles":["Existence Validation","Agent Skill References"],"fullName":"Existence Validation Agent Skill References agent \"fullstack-developer\" references existing skill \"languages/typescript\"","status":"passed","title":"agent \"fullstack-developer\" references existing skill \"languages/typescript\"","duration":0.06245899999998983,"failureMessages":[],"meta":{}},{"ancestorTitles":["Existence Validation","Agent Skill References"],"fullName":"Existence Validation Agent Skill References agent \"fullstack-developer\" references existing skill \"languages/javascript\"","status":"passed","title":"agent \"fullstack-developer\" references existing skill \"languages/javascript\"","duration":0.08183400000007168,"failureMessages":[],"meta":{}},{"ancestorTitles":["Existence Validation","Agent Skill References"],"fullName":"Existence Validation Agent Skill References agent \"fullstack-developer\" references existing skill \"frontend/design-system-context\"","status":"passed","title":"agent \"fullstack-developer\" references existing skill \"frontend/design-system-context\"","duration":0.08433400000001257,"failureMessages":[],"meta":{}},{"ancestorTitles":["Existence Validation","Agent Skill References"],"fullName":"Existence Validation Agent Skill References agent \"game-systems-designer\" references existing skill \"game/unity-patterns\"","status":"passed","title":"agent \"game-systems-designer\" references existing skill \"game/unity-patterns\"","duration":0.05570799999998144,"failureMessages":[],"meta":{}},{"ancestorTitles":["Existence Validation","Agent Skill References"],"fullName":"Existence Validation Agent Skill References agent \"game-systems-designer\" references existing skill \"game/godot-patterns\"","status":"passed","title":"agent \"game-systems-designer\" references existing skill \"game/godot-patterns\"","duration":0.05495900000005349,"failureMessages":[],"meta":{}},{"ancestorTitles":["Existence Validation","Agent Skill References"],"fullName":"Existence Validation Agent Skill References agent \"game-systems-designer\" references existing skill \"game/game-networking\"","status":"passed","title":"agent \"game-systems-designer\" references existing skill \"game/game-networking\"","duration":0.0756659999999556,"failureMessages":[],"meta":{}},{"ancestorTitles":["Existence Validation","Agent Skill References"],"fullName":"Existence Validation Agent Skill References agent \"git-manager\" references existing skill \"methodology/finishing-development-branch\"","status":"passed","title":"agent \"git-manager\" references existing skill \"methodology/finishing-development-branch\"","duration":0.08129200000007586,"failureMessages":[],"meta":{}},{"ancestorTitles":["Existence Validation","Agent Skill References"],"fullName":"Existence Validation Agent Skill References agent \"git-manager\" references existing skill \"devops/github-actions\"","status":"passed","title":"agent \"git-manager\" references existing skill \"devops/github-actions\"","duration":0.060417000000029475,"failureMessages":[],"meta":{}},{"ancestorTitles":["Existence Validation","Agent Skill References"],"fullName":"Existence Validation Agent Skill References agent \"ml-engineer-agent\" references existing skill \"ml-systems/ml-systems-fundamentals\"","status":"passed","title":"agent \"ml-engineer-agent\" references existing skill \"ml-systems/ml-systems-fundamentals\"","duration":0.07579199999997854,"failureMessages":[],"meta":{}},{"ancestorTitles":["Existence Validation","Agent Skill References"],"fullName":"Existence Validation Agent Skill References agent \"ml-engineer-agent\" references existing skill \"ml-systems/data-eng\"","status":"passed","title":"agent \"ml-engineer-agent\" references existing skill \"ml-systems/data-eng\"","duration":0.07604200000002947,"failureMessages":[],"meta":{}},{"ancestorTitles":["Existence Validation","Agent Skill References"],"fullName":"Existence Validation Agent Skill References agent \"ml-engineer-agent\" references existing skill \"ml-systems/feature-engineering\"","status":"passed","title":"agent \"ml-engineer-agent\" references existing skill \"ml-systems/feature-engineering\"","duration":0.07379200000002584,"failureMessages":[],"meta":{}},{"ancestorTitles":["Existence Validation","Agent Skill References"],"fullName":"Existence Validation Agent Skill References agent \"ml-engineer-agent\" references existing skill \"ml-systems/ml-workflow\"","status":"passed","title":"agent \"ml-engineer-agent\" references existing skill \"ml-systems/ml-workflow\"","duration":0.05670799999995779,"failureMessages":[],"meta":{}},{"ancestorTitles":["Existence Validation","Agent Skill References"],"fullName":"Existence Validation Agent Skill References agent \"ml-engineer-agent\" references existing skill \"ml-systems/model-dev\"","status":"passed","title":"agent \"ml-engineer-agent\" references existing skill \"ml-systems/model-dev\"","duration":0.07524999999998272,"failureMessages":[],"meta":{}},{"ancestorTitles":["Existence Validation","Agent Skill References"],"fullName":"Existence Validation Agent Skill References agent \"ml-engineer-agent\" references existing skill \"ml-systems/ml-frameworks\"","status":"passed","title":"agent \"ml-engineer-agent\" references existing skill \"ml-systems/ml-frameworks\"","duration":0.07795899999996436,"failureMessages":[],"meta":{}},{"ancestorTitles":["Existence Validation","Agent Skill References"],"fullName":"Existence Validation Agent Skill References agent \"ml-engineer-agent\" references existing skill \"ml-systems/model-deployment\"","status":"passed","title":"agent \"ml-engineer-agent\" references existing skill \"ml-systems/model-deployment\"","duration":0.05658400000004349,"failureMessages":[],"meta":{}},{"ancestorTitles":["Existence Validation","Agent Skill References"],"fullName":"Existence Validation Agent Skill References agent \"ml-engineer-agent\" references existing skill \"ml-systems/mlops\"","status":"passed","title":"agent \"ml-engineer-agent\" references existing skill \"ml-systems/mlops\"","duration":0.05633299999999508,"failureMessages":[],"meta":{}},{"ancestorTitles":["Existence Validation","Agent Skill References"],"fullName":"Existence Validation Agent Skill References agent \"ml-engineer\" references existing skill \"ai-engineering/finetuning\"","status":"passed","title":"agent \"ml-engineer\" references existing skill \"ai-engineering/finetuning\"","duration":0.07725000000004911,"failureMessages":[],"meta":{}},{"ancestorTitles":["Existence Validation","Agent Skill References"],"fullName":"Existence Validation Agent Skill References agent \"ml-engineer\" references existing skill \"ai-engineering/evaluation-methodology\"","status":"passed","title":"agent \"ml-engineer\" references existing skill \"ai-engineering/evaluation-methodology\"","duration":0.07587499999999636,"failureMessages":[],"meta":{}},{"ancestorTitles":["Existence Validation","Agent Skill References"],"fullName":"Existence Validation Agent Skill References agent \"ml-engineer\" references existing skill \"ai-engineering/dataset-engineering\"","status":"passed","title":"agent \"ml-engineer\" references existing skill \"ai-engineering/dataset-engineering\"","duration":0.05637500000000273,"failureMessages":[],"meta":{}},{"ancestorTitles":["Existence Validation","Agent Skill References"],"fullName":"Existence Validation Agent Skill References agent \"ml-engineer\" references existing skill \"ai-ml/ml-pipelines\"","status":"passed","title":"agent \"ml-engineer\" references existing skill \"ai-ml/ml-pipelines\"","duration":0.07275000000004184,"failureMessages":[],"meta":{}},{"ancestorTitles":["Existence Validation","Agent Skill References"],"fullName":"Existence Validation Agent Skill References agent \"ml-engineer\" references existing skill \"ai-ml/model-serving\"","status":"passed","title":"agent \"ml-engineer\" references existing skill \"ai-ml/model-serving\"","duration":0.08766700000001038,"failureMessages":[],"meta":{}},{"ancestorTitles":["Existence Validation","Agent Skill References"],"fullName":"Existence Validation Agent Skill References agent \"mlops-engineer-agent\" references existing skill \"ml-systems/mlops\"","status":"passed","title":"agent \"mlops-engineer-agent\" references existing skill \"ml-systems/mlops\"","duration":0.06433300000003328,"failureMessages":[],"meta":{}},{"ancestorTitles":["Existence Validation","Agent Skill References"],"fullName":"Existence Validation Agent Skill References agent \"mlops-engineer-agent\" references existing skill \"ml-systems/robust-ai\"","status":"passed","title":"agent \"mlops-engineer-agent\" references existing skill \"ml-systems/robust-ai\"","duration":0.15362499999991996,"failureMessages":[],"meta":{}},{"ancestorTitles":["Existence Validation","Agent Skill References"],"fullName":"Existence Validation Agent Skill References agent \"mlops-engineer-agent\" references existing skill \"ml-systems/model-deployment\"","status":"passed","title":"agent \"mlops-engineer-agent\" references existing skill \"ml-systems/model-deployment\"","duration":0.09375,"failureMessages":[],"meta":{}},{"ancestorTitles":["Existence Validation","Agent Skill References"],"fullName":"Existence Validation Agent Skill References agent \"mlops-engineer-agent\" references existing skill \"ml-systems/ml-serving-optimization\"","status":"passed","title":"agent \"mlops-engineer-agent\" references existing skill \"ml-systems/ml-serving-optimization\"","duration":0.08487500000001091,"failureMessages":[],"meta":{}},{"ancestorTitles":["Existence Validation","Agent Skill References"],"fullName":"Existence Validation Agent Skill References agent \"model-optimizer-agent\" references existing skill \"ml-systems/efficient-ai\"","status":"passed","title":"agent \"model-optimizer-agent\" references existing skill \"ml-systems/efficient-ai\"","duration":0.1404579999999669,"failureMessages":[],"meta":{}},{"ancestorTitles":["Existence Validation","Agent Skill References"],"fullName":"Existence Validation Agent Skill References agent \"model-optimizer-agent\" references existing skill \"ml-systems/model-optimization\"","status":"passed","title":"agent \"model-optimizer-agent\" references existing skill \"ml-systems/model-optimization\"","duration":0.11370899999997164,"failureMessages":[],"meta":{}},{"ancestorTitles":["Existence Validation","Agent Skill References"],"fullName":"Existence Validation Agent Skill References agent \"model-optimizer-agent\" references existing skill \"ml-systems/ai-accelerators\"","status":"passed","title":"agent \"model-optimizer-agent\" references existing skill \"ml-systems/ai-accelerators\"","duration":0.09500000000002728,"failureMessages":[],"meta":{}},{"ancestorTitles":["Existence Validation","Agent Skill References"],"fullName":"Existence Validation Agent Skill References agent \"model-optimizer-agent\" references existing skill \"ml-systems/ml-serving-optimization\"","status":"passed","title":"agent \"model-optimizer-agent\" references existing skill \"ml-systems/ml-serving-optimization\"","duration":0.08887500000003001,"failureMessages":[],"meta":{}},{"ancestorTitles":["Existence Validation","Agent Skill References"],"fullName":"Existence Validation Agent Skill References agent \"observability-engineer\" references existing skill \"devops/observability\"","status":"passed","title":"agent \"observability-engineer\" references existing skill \"devops/observability\"","duration":0.06149999999990996,"failureMessages":[],"meta":{}},{"ancestorTitles":["Existence Validation","Agent Skill References"],"fullName":"Existence Validation Agent Skill References agent \"observability-engineer\" references existing skill \"devops/performance-profiling\"","status":"passed","title":"agent \"observability-engineer\" references existing skill \"devops/performance-profiling\"","duration":0.08216700000002675,"failureMessages":[],"meta":{}},{"ancestorTitles":["Existence Validation","Agent Skill References"],"fullName":"Existence Validation Agent Skill References agent \"oracle\" references existing skill \"omega/omega-thinking\"","status":"passed","title":"agent \"oracle\" references existing skill \"omega/omega-thinking\"","duration":0.08341700000005403,"failureMessages":[],"meta":{}},{"ancestorTitles":["Existence Validation","Agent Skill References"],"fullName":"Existence Validation Agent Skill References agent \"oracle\" references existing skill \"methodology/problem-solving\"","status":"passed","title":"agent \"oracle\" references existing skill \"methodology/problem-solving\"","duration":0.06362500000000182,"failureMessages":[],"meta":{}},{"ancestorTitles":["Existence Validation","Agent Skill References"],"fullName":"Existence Validation Agent Skill References agent \"oracle\" references existing skill \"methodology/brainstorming\"","status":"passed","title":"agent \"oracle\" references existing skill \"methodology/brainstorming\"","duration":0.07795799999996689,"failureMessages":[],"meta":{}},{"ancestorTitles":["Existence Validation","Agent Skill References"],"fullName":"Existence Validation Agent Skill References agent \"performance-engineer\" references existing skill \"devops/performance-profiling\"","status":"passed","title":"agent \"performance-engineer\" references existing skill \"devops/performance-profiling\"","duration":0.08158300000002328,"failureMessages":[],"meta":{}},{"ancestorTitles":["Existence Validation","Agent Skill References"],"fullName":"Existence Validation Agent Skill References agent \"performance-engineer\" references existing skill \"databases/database-optimization\"","status":"passed","title":"agent \"performance-engineer\" references existing skill \"databases/database-optimization\"","duration":0.07570799999996325,"failureMessages":[],"meta":{}},{"ancestorTitles":["Existence Validation","Agent Skill References"],"fullName":"Existence Validation Agent Skill References agent \"performance-engineer\" references existing skill \"ai-engineering/inference-optimization\"","status":"passed","title":"agent \"performance-engineer\" references existing skill \"ai-engineering/inference-optimization\"","duration":0.059708999999998014,"failureMessages":[],"meta":{}},{"ancestorTitles":["Existence Validation","Agent Skill References"],"fullName":"Existence Validation Agent Skill References agent \"pipeline-architect\" references existing skill \"devops/github-actions\"","status":"passed","title":"agent \"pipeline-architect\" references existing skill \"devops/github-actions\"","duration":0.08245899999997164,"failureMessages":[],"meta":{}},{"ancestorTitles":["Existence Validation","Agent Skill References"],"fullName":"Existence Validation Agent Skill References agent \"pipeline-architect\" references existing skill \"ai-ml/ml-pipelines\"","status":"passed","title":"agent \"pipeline-architect\" references existing skill \"ai-ml/ml-pipelines\"","duration":0.08754199999998491,"failureMessages":[],"meta":{}},{"ancestorTitles":["Existence Validation","Agent Skill References"],"fullName":"Existence Validation Agent Skill References agent \"pipeline-architect\" references existing skill \"devops/docker\"","status":"passed","title":"agent \"pipeline-architect\" references existing skill \"devops/docker\"","duration":0.06383299999993142,"failureMessages":[],"meta":{}},{"ancestorTitles":["Existence Validation","Agent Skill References"],"fullName":"Existence Validation Agent Skill References agent \"planner\" references existing skill \"methodology/writing-plans\"","status":"passed","title":"agent \"planner\" references existing skill \"methodology/writing-plans\"","duration":0.08045899999990525,"failureMessages":[],"meta":{}},{"ancestorTitles":["Existence Validation","Agent Skill References"],"fullName":"Existence Validation Agent Skill References agent \"planner\" references existing skill \"methodology/executing-plans\"","status":"passed","title":"agent \"planner\" references existing skill \"methodology/executing-plans\"","duration":0.0850830000000542,"failureMessages":[],"meta":{}},{"ancestorTitles":["Existence Validation","Agent Skill References"],"fullName":"Existence Validation Agent Skill References agent \"planner\" references existing skill \"methodology/brainstorming\"","status":"passed","title":"agent \"planner\" references existing skill \"methodology/brainstorming\"","duration":0.07958400000006804,"failureMessages":[],"meta":{}},{"ancestorTitles":["Existence Validation","Agent Skill References"],"fullName":"Existence Validation Agent Skill References agent \"planner\" references existing skill \"methodology/problem-solving\"","status":"passed","title":"agent \"planner\" references existing skill \"methodology/problem-solving\"","duration":0.06220800000005511,"failureMessages":[],"meta":{}},{"ancestorTitles":["Existence Validation","Agent Skill References"],"fullName":"Existence Validation Agent Skill References agent \"platform-engineer\" references existing skill \"devops/kubernetes\"","status":"passed","title":"agent \"platform-engineer\" references existing skill \"devops/kubernetes\"","duration":0.08004199999993489,"failureMessages":[],"meta":{}},{"ancestorTitles":["Existence Validation","Agent Skill References"],"fullName":"Existence Validation Agent Skill References agent \"platform-engineer\" references existing skill \"devops/aws\"","status":"passed","title":"agent \"platform-engineer\" references existing skill \"devops/aws\"","duration":0.07879200000002129,"failureMessages":[],"meta":{}},{"ancestorTitles":["Existence Validation","Agent Skill References"],"fullName":"Existence Validation Agent Skill References agent \"platform-engineer\" references existing skill \"devops/docker\"","status":"passed","title":"agent \"platform-engineer\" references existing skill \"devops/docker\"","duration":0.05958299999997507,"failureMessages":[],"meta":{}},{"ancestorTitles":["Existence Validation","Agent Skill References"],"fullName":"Existence Validation Agent Skill References agent \"production-engineer-agent\" references existing skill \"ml-systems/model-deployment\"","status":"passed","title":"agent \"production-engineer-agent\" references existing skill \"ml-systems/model-deployment\"","duration":0.07912499999997635,"failureMessages":[],"meta":{}},{"ancestorTitles":["Existence Validation","Agent Skill References"],"fullName":"Existence Validation Agent Skill References agent \"production-engineer-agent\" references existing skill \"ml-systems/ml-serving-optimization\"","status":"passed","title":"agent \"production-engineer-agent\" references existing skill \"ml-systems/ml-serving-optimization\"","duration":0.08137499999997999,"failureMessages":[],"meta":{}},{"ancestorTitles":["Existence Validation","Agent Skill References"],"fullName":"Existence Validation Agent Skill References agent \"production-engineer-agent\" references existing skill \"ml-systems/edge-deployment\"","status":"passed","title":"agent \"production-engineer-agent\" references existing skill \"ml-systems/edge-deployment\"","duration":0.07804199999998218,"failureMessages":[],"meta":{}},{"ancestorTitles":["Existence Validation","Agent Skill References"],"fullName":"Existence Validation Agent Skill References agent \"production-engineer-agent\" references existing skill \"ml-systems/robust-ai\"","status":"passed","title":"agent \"production-engineer-agent\" references existing skill \"ml-systems/robust-ai\"","duration":0.06395799999995688,"failureMessages":[],"meta":{}},{"ancestorTitles":["Existence Validation","Agent Skill References"],"fullName":"Existence Validation Agent Skill References agent \"project-manager\" references existing skill \"omega/omega-sprint\"","status":"passed","title":"agent \"project-manager\" references existing skill \"omega/omega-sprint\"","duration":0.08904199999994944,"failureMessages":[],"meta":{}},{"ancestorTitles":["Existence Validation","Agent Skill References"],"fullName":"Existence Validation Agent Skill References agent \"research-scientist-agent\" references existing skill \"ml-systems/ml-systems-fundamentals\"","status":"passed","title":"agent \"research-scientist-agent\" references existing skill \"ml-systems/ml-systems-fundamentals\"","duration":0.09212500000001,"failureMessages":[],"meta":{}},{"ancestorTitles":["Existence Validation","Agent Skill References"],"fullName":"Existence Validation Agent Skill References agent \"research-scientist-agent\" references existing skill \"ml-systems/deep-learning-primer\"","status":"passed","title":"agent \"research-scientist-agent\" references existing skill \"ml-systems/deep-learning-primer\"","duration":0.0827919999999267,"failureMessages":[],"meta":{}},{"ancestorTitles":["Existence Validation","Agent Skill References"],"fullName":"Existence Validation Agent Skill References agent \"research-scientist-agent\" references existing skill \"ml-systems/dnn-architectures\"","status":"passed","title":"agent \"research-scientist-agent\" references existing skill \"ml-systems/dnn-architectures\"","duration":0.06520799999998417,"failureMessages":[],"meta":{}},{"ancestorTitles":["Existence Validation","Agent Skill References"],"fullName":"Existence Validation Agent Skill References agent \"research-scientist-agent\" references existing skill \"ml-systems/ml-workflow\"","status":"passed","title":"agent \"research-scientist-agent\" references existing skill \"ml-systems/ml-workflow\"","duration":0.08616600000004837,"failureMessages":[],"meta":{}},{"ancestorTitles":["Existence Validation","Agent Skill References"],"fullName":"Existence Validation Agent Skill References agent \"research-scientist-agent\" references existing skill \"ml-systems/model-dev\"","status":"passed","title":"agent \"research-scientist-agent\" references existing skill \"ml-systems/model-dev\"","duration":0.09124999999994543,"failureMessages":[],"meta":{}},{"ancestorTitles":["Existence Validation","Agent Skill References"],"fullName":"Existence Validation Agent Skill References agent \"research-scientist-agent\" references existing skill \"ml-systems/ml-frameworks\"","status":"passed","title":"agent \"research-scientist-agent\" references existing skill \"ml-systems/ml-frameworks\"","duration":0.06354100000010021,"failureMessages":[],"meta":{}},{"ancestorTitles":["Existence Validation","Agent Skill References"],"fullName":"Existence Validation Agent Skill References agent \"researcher\" references existing skill \"methodology/research-validation\"","status":"passed","title":"agent \"researcher\" references existing skill \"methodology/research-validation\"","duration":0.06645900000000893,"failureMessages":[],"meta":{}},{"ancestorTitles":["Existence Validation","Agent Skill References"],"fullName":"Existence Validation Agent Skill References agent \"researcher\" references existing skill \"methodology/brainstorming\"","status":"passed","title":"agent \"researcher\" references existing skill \"methodology/brainstorming\"","duration":0.08537499999999909,"failureMessages":[],"meta":{}},{"ancestorTitles":["Existence Validation","Agent Skill References"],"fullName":"Existence Validation Agent Skill References agent \"scientific-computing\" references existing skill \"simulation/numerical-methods\"","status":"passed","title":"agent \"scientific-computing\" references existing skill \"simulation/numerical-methods\"","duration":0.08229099999994105,"failureMessages":[],"meta":{}},{"ancestorTitles":["Existence Validation","Agent Skill References"],"fullName":"Existence Validation Agent Skill References agent \"scientific-computing\" references existing skill \"simulation/parallel-computing\"","status":"passed","title":"agent \"scientific-computing\" references existing skill \"simulation/parallel-computing\"","duration":0.06295799999998053,"failureMessages":[],"meta":{}},{"ancestorTitles":["Existence Validation","Agent Skill References"],"fullName":"Existence Validation Agent Skill References agent \"scientific-computing\" references existing skill \"simulation/physics-engines\"","status":"passed","title":"agent \"scientific-computing\" references existing skill \"simulation/physics-engines\"","duration":0.07716599999992013,"failureMessages":[],"meta":{}},{"ancestorTitles":["Existence Validation","Agent Skill References"],"fullName":"Existence Validation Agent Skill References agent \"scientific-computing\" references existing skill \"simulation/visualization-scientific\"","status":"passed","title":"agent \"scientific-computing\" references existing skill \"simulation/visualization-scientific\"","duration":0.08129100000007838,"failureMessages":[],"meta":{}},{"ancestorTitles":["Existence Validation","Agent Skill References"],"fullName":"Existence Validation Agent Skill References agent \"scout\" references existing skill \"methodology/problem-solving\"","status":"passed","title":"agent \"scout\" references existing skill \"methodology/problem-solving\"","duration":0.10491700000000037,"failureMessages":[],"meta":{}},{"ancestorTitles":["Existence Validation","Agent Skill References"],"fullName":"Existence Validation Agent Skill References agent \"security-auditor\" references existing skill \"security/owasp\"","status":"passed","title":"agent \"security-auditor\" references existing skill \"security/owasp\"","duration":0.06958299999996598,"failureMessages":[],"meta":{}},{"ancestorTitles":["Existence Validation","Agent Skill References"],"fullName":"Existence Validation Agent Skill References agent \"security-auditor\" references existing skill \"security/security-hardening\"","status":"passed","title":"agent \"security-auditor\" references existing skill \"security/security-hardening\"","duration":0.09512500000005275,"failureMessages":[],"meta":{}},{"ancestorTitles":["Existence Validation","Agent Skill References"],"fullName":"Existence Validation Agent Skill References agent \"security-auditor\" references existing skill \"methodology/defense-in-depth\"","status":"passed","title":"agent \"security-auditor\" references existing skill \"methodology/defense-in-depth\"","duration":0.08512500000006185,"failureMessages":[],"meta":{}},{"ancestorTitles":["Existence Validation","Agent Skill References"],"fullName":"Existence Validation Agent Skill References agent \"sprint-master\" references existing skill \"omega/omega-sprint\"","status":"passed","title":"agent \"sprint-master\" references existing skill \"omega/omega-sprint\"","duration":0.07616599999994378,"failureMessages":[],"meta":{}},{"ancestorTitles":["Existence Validation","Agent Skill References"],"fullName":"Existence Validation Agent Skill References agent \"sprint-master\" references existing skill \"methodology/dispatching-parallel-agents\"","status":"passed","title":"agent \"sprint-master\" references existing skill \"methodology/dispatching-parallel-agents\"","duration":0.08504200000004403,"failureMessages":[],"meta":{}},{"ancestorTitles":["Existence Validation","Agent Skill References"],"fullName":"Existence Validation Agent Skill References agent \"sprint-master\" references existing skill \"methodology/test-task-generation\"","status":"passed","title":"agent \"sprint-master\" references existing skill \"methodology/test-task-generation\"","duration":0.08458300000006602,"failureMessages":[],"meta":{}},{"ancestorTitles":["Existence Validation","Agent Skill References"],"fullName":"Existence Validation Agent Skill References agent \"sprint-master\" references existing skill \"methodology/test-enforcement\"","status":"passed","title":"agent \"sprint-master\" references existing skill \"methodology/test-enforcement\"","duration":0.10704200000009223,"failureMessages":[],"meta":{}},{"ancestorTitles":["Existence Validation","Agent Skill References"],"fullName":"Existence Validation Agent Skill References agent \"sprint-master\" references existing skill \"devops/workflow-config\"","status":"passed","title":"agent \"sprint-master\" references existing skill \"devops/workflow-config\"","duration":0.06816700000001674,"failureMessages":[],"meta":{}},{"ancestorTitles":["Existence Validation","Agent Skill References"],"fullName":"Existence Validation Agent Skill References agent \"tester\" references existing skill \"methodology/test-driven-development\"","status":"passed","title":"agent \"tester\" references existing skill \"methodology/test-driven-development\"","duration":0.09620800000004692,"failureMessages":[],"meta":{}},{"ancestorTitles":["Existence Validation","Agent Skill References"],"fullName":"Existence Validation Agent Skill References agent \"tester\" references existing skill \"methodology/test-enforcement\"","status":"passed","title":"agent \"tester\" references existing skill \"methodology/test-enforcement\"","duration":0.08387500000003456,"failureMessages":[],"meta":{}},{"ancestorTitles":["Existence Validation","Agent Skill References"],"fullName":"Existence Validation Agent Skill References agent \"tester\" references existing skill \"methodology/test-task-generation\"","status":"passed","title":"agent \"tester\" references existing skill \"methodology/test-task-generation\"","duration":0.062374999999974534,"failureMessages":[],"meta":{}},{"ancestorTitles":["Existence Validation","Agent Skill References"],"fullName":"Existence Validation Agent Skill References agent \"tester\" references existing skill \"methodology/testing-anti-patterns\"","status":"passed","title":"agent \"tester\" references existing skill \"methodology/testing-anti-patterns\"","duration":0.0872909999999365,"failureMessages":[],"meta":{}},{"ancestorTitles":["Existence Validation","Agent Skill References"],"fullName":"Existence Validation Agent Skill References agent \"tester\" references existing skill \"testing/vitest\"","status":"passed","title":"agent \"tester\" references existing skill \"testing/vitest\"","duration":0.08399999999994634,"failureMessages":[],"meta":{}},{"ancestorTitles":["Existence Validation","Agent Skill References"],"fullName":"Existence Validation Agent Skill References agent \"tester\" references existing skill \"testing/playwright\"","status":"passed","title":"agent \"tester\" references existing skill \"testing/playwright\"","duration":0.07558399999993526,"failureMessages":[],"meta":{}},{"ancestorTitles":["Existence Validation","Agent Skill References"],"fullName":"Existence Validation Agent Skill References agent \"tester\" references existing skill \"testing/pytest\"","status":"passed","title":"agent \"tester\" references existing skill \"testing/pytest\"","duration":0.08354099999996834,"failureMessages":[],"meta":{}},{"ancestorTitles":["Existence Validation","Agent Skill References"],"fullName":"Existence Validation Agent Skill References agent \"ui-ux-designer\" references existing skill \"frontend/advanced-ui-design\"","status":"passed","title":"agent \"ui-ux-designer\" references existing skill \"frontend/advanced-ui-design\"","duration":0.08704199999999673,"failureMessages":[],"meta":{}},{"ancestorTitles":["Existence Validation","Agent Skill References"],"fullName":"Existence Validation Agent Skill References agent \"ui-ux-designer\" references existing skill \"frontend/frontend-design\"","status":"passed","title":"agent \"ui-ux-designer\" references existing skill \"frontend/frontend-design\"","duration":0.061707999999953245,"failureMessages":[],"meta":{}},{"ancestorTitles":["Existence Validation","Agent Skill References"],"fullName":"Existence Validation Agent Skill References agent \"ui-ux-designer\" references existing skill \"frontend/accessibility\"","status":"passed","title":"agent \"ui-ux-designer\" references existing skill \"frontend/accessibility\"","duration":0.0847079999999778,"failureMessages":[],"meta":{}},{"ancestorTitles":["Existence Validation","Agent Skill References"],"fullName":"Existence Validation Agent Skill References agent \"ui-ux-designer\" references existing skill \"frontend/responsive\"","status":"passed","title":"agent \"ui-ux-designer\" references existing skill \"frontend/responsive\"","duration":0.08662500000002638,"failureMessages":[],"meta":{}},{"ancestorTitles":["Existence Validation","Agent Skill References"],"fullName":"Existence Validation Agent Skill References agent \"ui-ux-designer\" references existing skill \"frontend/tailwindcss\"","status":"passed","title":"agent \"ui-ux-designer\" references existing skill \"frontend/tailwindcss\"","duration":0.06595799999990959,"failureMessages":[],"meta":{}},{"ancestorTitles":["Existence Validation","Agent Skill References"],"fullName":"Existence Validation Agent Skill References agent \"ui-ux-designer\" references existing skill \"frontend/design-system-context\"","status":"passed","title":"agent \"ui-ux-designer\" references existing skill \"frontend/design-system-context\"","duration":0.08845800000005966,"failureMessages":[],"meta":{}},{"ancestorTitles":["Existence Validation","Agent Skill References"],"fullName":"Existence Validation Agent Skill References agent \"vulnerability-scanner\" references existing skill \"security/owasp\"","status":"passed","title":"agent \"vulnerability-scanner\" references existing skill \"security/owasp\"","duration":0.08754099999998743,"failureMessages":[],"meta":{}},{"ancestorTitles":["Existence Validation","Agent Skill References"],"fullName":"Existence Validation Agent Skill References agent \"vulnerability-scanner\" references existing skill \"security/security-hardening\"","status":"passed","title":"agent \"vulnerability-scanner\" references existing skill \"security/security-hardening\"","duration":0.06429199999990942,"failureMessages":[],"meta":{}},{"ancestorTitles":["Existence Validation","Workflow Skill References"],"fullName":"Existence Validation Workflow Skill References workflow \"ai-engineering/agent-development\" references existing skill \"ai-engineering/ai-agents\"","status":"passed","title":"workflow \"ai-engineering/agent-development\" references existing skill \"ai-engineering/ai-agents\"","duration":0.13429199999995944,"failureMessages":[],"meta":{}},{"ancestorTitles":["Existence Validation","Workflow Skill References"],"fullName":"Existence Validation Workflow Skill References workflow \"ai-engineering/agent-development\" references existing skill \"ai-engineering/ai-architecture\"","status":"passed","title":"workflow \"ai-engineering/agent-development\" references existing skill \"ai-engineering/ai-architecture\"","duration":0.07837500000005093,"failureMessages":[],"meta":{}},{"ancestorTitles":["Existence Validation","Workflow Skill References"],"fullName":"Existence Validation Workflow Skill References workflow \"ai-engineering/agent-development\" references existing skill \"ai-engineering/guardrails-safety\"","status":"passed","title":"workflow \"ai-engineering/agent-development\" references existing skill \"ai-engineering/guardrails-safety\"","duration":0.0702080000000933,"failureMessages":[],"meta":{}},{"ancestorTitles":["Existence Validation","Workflow Skill References"],"fullName":"Existence Validation Workflow Skill References workflow \"ai-engineering/fine-tuning\" references existing skill \"ai-engineering/finetuning\"","status":"passed","title":"workflow \"ai-engineering/fine-tuning\" references existing skill \"ai-engineering/finetuning\"","duration":0.042041000000040185,"failureMessages":[],"meta":{}},{"ancestorTitles":["Existence Validation","Workflow Skill References"],"fullName":"Existence Validation Workflow Skill References workflow \"ai-engineering/fine-tuning\" references existing skill \"ai-engineering/dataset-engineering\"","status":"passed","title":"workflow \"ai-engineering/fine-tuning\" references existing skill \"ai-engineering/dataset-engineering\"","duration":0.03716699999995399,"failureMessages":[],"meta":{}},{"ancestorTitles":["Existence Validation","Workflow Skill References"],"fullName":"Existence Validation Workflow Skill References workflow \"ai-engineering/fine-tuning\" references existing skill \"ai-engineering/evaluation-methodology\"","status":"passed","title":"workflow \"ai-engineering/fine-tuning\" references existing skill \"ai-engineering/evaluation-methodology\"","duration":0.05837500000006912,"failureMessages":[],"meta":{}},{"ancestorTitles":["Existence Validation","Workflow Skill References"],"fullName":"Existence Validation Workflow Skill References workflow \"ai-engineering/model-evaluation\" references existing skill \"ai-engineering/ai-system-evaluation\"","status":"passed","title":"workflow \"ai-engineering/model-evaluation\" references existing skill \"ai-engineering/ai-system-evaluation\"","duration":0.03654200000005403,"failureMessages":[],"meta":{}},{"ancestorTitles":["Existence Validation","Workflow Skill References"],"fullName":"Existence Validation Workflow Skill References workflow \"ai-engineering/model-evaluation\" references existing skill \"ai-engineering/evaluation-methodology\"","status":"passed","title":"workflow \"ai-engineering/model-evaluation\" references existing skill \"ai-engineering/evaluation-methodology\"","duration":0.03616599999998016,"failureMessages":[],"meta":{}},{"ancestorTitles":["Existence Validation","Workflow Skill References"],"fullName":"Existence Validation Workflow Skill References workflow \"ai-engineering/model-evaluation\" references existing skill \"ai-engineering/dataset-engineering\"","status":"passed","title":"workflow \"ai-engineering/model-evaluation\" references existing skill \"ai-engineering/dataset-engineering\"","duration":0.057833999999957086,"failureMessages":[],"meta":{}},{"ancestorTitles":["Existence Validation","Workflow Skill References"],"fullName":"Existence Validation Workflow Skill References workflow \"ai-engineering/prompt-engineering\" references existing skill \"ai-engineering/prompt-engineering\"","status":"passed","title":"workflow \"ai-engineering/prompt-engineering\" references existing skill \"ai-engineering/prompt-engineering\"","duration":0.04304199999990033,"failureMessages":[],"meta":{}},{"ancestorTitles":["Existence Validation","Workflow Skill References"],"fullName":"Existence Validation Workflow Skill References workflow \"ai-engineering/prompt-engineering\" references existing skill \"ai-engineering/evaluation-methodology\"","status":"passed","title":"workflow \"ai-engineering/prompt-engineering\" references existing skill \"ai-engineering/evaluation-methodology\"","duration":0.03645800000003874,"failureMessages":[],"meta":{}},{"ancestorTitles":["Existence Validation","Workflow Skill References"],"fullName":"Existence Validation Workflow Skill References workflow \"ai-engineering/rag-development\" references existing skill \"ai-engineering/rag-systems\"","status":"passed","title":"workflow \"ai-engineering/rag-development\" references existing skill \"ai-engineering/rag-systems\"","duration":0.26224999999999454,"failureMessages":[],"meta":{}},{"ancestorTitles":["Existence Validation","Workflow Skill References"],"fullName":"Existence Validation Workflow Skill References workflow \"ai-engineering/rag-development\" references existing skill \"ai-engineering/dataset-engineering\"","status":"passed","title":"workflow \"ai-engineering/rag-development\" references existing skill \"ai-engineering/dataset-engineering\"","duration":0.04170899999996891,"failureMessages":[],"meta":{}},{"ancestorTitles":["Existence Validation","Workflow Skill References"],"fullName":"Existence Validation Workflow Skill References workflow \"ai-engineering/rag-development\" references existing skill \"ai-engineering/evaluation-methodology\"","status":"passed","title":"workflow \"ai-engineering/rag-development\" references existing skill \"ai-engineering/evaluation-methodology\"","duration":0.03541700000005221,"failureMessages":[],"meta":{}},{"ancestorTitles":["Existence Validation","Workflow Skill References"],"fullName":"Existence Validation Workflow Skill References workflow \"ai-engineering/rag-development\" references existing skill \"ai-engineering/ai-architecture\"","status":"passed","title":"workflow \"ai-engineering/rag-development\" references existing skill \"ai-engineering/ai-architecture\"","duration":0.055375000000026375,"failureMessages":[],"meta":{}},{"ancestorTitles":["Existence Validation","Workflow Skill References"],"fullName":"Existence Validation Workflow Skill References workflow \"api/api-design\" references existing skill \"backend/api-architecture\"","status":"passed","title":"workflow \"api/api-design\" references existing skill \"backend/api-architecture\"","duration":0.03541700000005221,"failureMessages":[],"meta":{}},{"ancestorTitles":["Existence Validation","Workflow Skill References"],"fullName":"Existence Validation Workflow Skill References workflow \"api/api-testing\" references existing skill \"backend/api-architecture\"","status":"passed","title":"workflow \"api/api-testing\" references existing skill \"backend/api-architecture\"","duration":0.03566599999999198,"failureMessages":[],"meta":{}},{"ancestorTitles":["Existence Validation","Workflow Skill References"],"fullName":"Existence Validation Workflow Skill References workflow \"api/api-testing\" references existing skill \"security/owasp\"","status":"passed","title":"workflow \"api/api-testing\" references existing skill \"security/owasp\"","duration":0.05716600000005201,"failureMessages":[],"meta":{}},{"ancestorTitles":["Existence Validation","Workflow Skill References"],"fullName":"Existence Validation Workflow Skill References workflow \"content/technical-docs\" references existing skill \"methodology/writing-plans\"","status":"passed","title":"workflow \"content/technical-docs\" references existing skill \"methodology/writing-plans\"","duration":0.03662499999995816,"failureMessages":[],"meta":{}},{"ancestorTitles":["Existence Validation","Workflow Skill References"],"fullName":"Existence Validation Workflow Skill References workflow \"database/migration\" references existing skill \"databases/database-migration\"","status":"passed","title":"workflow \"database/migration\" references existing skill \"databases/database-migration\"","duration":0.034958999999957996,"failureMessages":[],"meta":{}},{"ancestorTitles":["Existence Validation","Workflow Skill References"],"fullName":"Existence Validation Workflow Skill References workflow \"database/optimization\" references existing skill \"databases/database-optimization\"","status":"passed","title":"workflow \"database/optimization\" references existing skill \"databases/database-optimization\"","duration":0.05816700000002584,"failureMessages":[],"meta":{}},{"ancestorTitles":["Existence Validation","Workflow Skill References"],"fullName":"Existence Validation Workflow Skill References workflow \"database/schema-design\" references existing skill \"databases/database-schema-design\"","status":"passed","title":"workflow \"database/schema-design\" references existing skill \"databases/database-schema-design\"","duration":0.23366700000008223,"failureMessages":[],"meta":{}},{"ancestorTitles":["Existence Validation","Workflow Skill References"],"fullName":"Existence Validation Workflow Skill References workflow \"database/schema-design\" references existing skill \"databases/postgresql\"","status":"passed","title":"workflow \"database/schema-design\" references existing skill \"databases/postgresql\"","duration":0.13737500000002,"failureMessages":[],"meta":{}},{"ancestorTitles":["Existence Validation","Workflow Skill References"],"fullName":"Existence Validation Workflow Skill References workflow \"database/schema-design\" references existing skill \"databases/mongodb\"","status":"passed","title":"workflow \"database/schema-design\" references existing skill \"databases/mongodb\"","duration":0.08845800000005966,"failureMessages":[],"meta":{}},{"ancestorTitles":["Existence Validation","Workflow Skill References"],"fullName":"Existence Validation Workflow Skill References workflow \"development/bug-fix\" references existing skill \"methodology/systematic-debugging\"","status":"passed","title":"workflow \"development/bug-fix\" references existing skill \"methodology/systematic-debugging\"","duration":0.04241700000000037,"failureMessages":[],"meta":{}},{"ancestorTitles":["Existence Validation","Workflow Skill References"],"fullName":"Existence Validation Workflow Skill References workflow \"development/bug-fix\" references existing skill \"methodology/root-cause-tracing\"","status":"passed","title":"workflow \"development/bug-fix\" references existing skill \"methodology/root-cause-tracing\"","duration":0.03962500000000091,"failureMessages":[],"meta":{}},{"ancestorTitles":["Existence Validation","Workflow Skill References"],"fullName":"Existence Validation Workflow Skill References workflow \"development/bug-fix\" references existing skill \"methodology/test-driven-development\"","status":"passed","title":"workflow \"development/bug-fix\" references existing skill \"methodology/test-driven-development\"","duration":0.06612500000005639,"failureMessages":[],"meta":{}},{"ancestorTitles":["Existence Validation","Workflow Skill References"],"fullName":"Existence Validation Workflow Skill References workflow \"development/bug-fix\" references existing skill \"methodology/test-enforcement\"","status":"passed","title":"workflow \"development/bug-fix\" references existing skill \"methodology/test-enforcement\"","duration":0.03729199999997945,"failureMessages":[],"meta":{}},{"ancestorTitles":["Existence Validation","Workflow Skill References"],"fullName":"Existence Validation Workflow Skill References workflow \"development/code-review\" references existing skill \"methodology/verification-before-completion\"","status":"passed","title":"workflow \"development/code-review\" references existing skill \"methodology/verification-before-completion\"","duration":0.038457999999991443,"failureMessages":[],"meta":{}},{"ancestorTitles":["Existence Validation","Workflow Skill References"],"fullName":"Existence Validation Workflow Skill References workflow \"development/code-review\" references existing skill \"security/owasp\"","status":"passed","title":"workflow \"development/code-review\" references existing skill \"security/owasp\"","duration":0.03537499999993088,"failureMessages":[],"meta":{}},{"ancestorTitles":["Existence Validation","Workflow Skill References"],"fullName":"Existence Validation Workflow Skill References workflow \"development/feature\" references existing skill \"methodology/writing-plans\"","status":"passed","title":"workflow \"development/feature\" references existing skill \"methodology/writing-plans\"","duration":0.036291000000005624,"failureMessages":[],"meta":{}},{"ancestorTitles":["Existence Validation","Workflow Skill References"],"fullName":"Existence Validation Workflow Skill References workflow \"development/feature\" references existing skill \"methodology/executing-plans\"","status":"passed","title":"workflow \"development/feature\" references existing skill \"methodology/executing-plans\"","duration":0.03849999999999909,"failureMessages":[],"meta":{}},{"ancestorTitles":["Existence Validation","Workflow Skill References"],"fullName":"Existence Validation Workflow Skill References workflow \"development/feature\" references existing skill \"methodology/test-driven-development\"","status":"passed","title":"workflow \"development/feature\" references existing skill \"methodology/test-driven-development\"","duration":0.038625000000024556,"failureMessages":[],"meta":{}},{"ancestorTitles":["Existence Validation","Workflow Skill References"],"fullName":"Existence Validation Workflow Skill References workflow \"development/feature\" references existing skill \"methodology/test-enforcement\"","status":"passed","title":"workflow \"development/feature\" references existing skill \"methodology/test-enforcement\"","duration":0.03966600000001108,"failureMessages":[],"meta":{}},{"ancestorTitles":["Existence Validation","Workflow Skill References"],"fullName":"Existence Validation Workflow Skill References workflow \"development/feature\" references existing skill \"methodology/test-task-generation\"","status":"passed","title":"workflow \"development/feature\" references existing skill \"methodology/test-task-generation\"","duration":0.03758400000003803,"failureMessages":[],"meta":{}},{"ancestorTitles":["Existence Validation","Workflow Skill References"],"fullName":"Existence Validation Workflow Skill References workflow \"development/refactor\" references existing skill \"methodology/verification-before-completion\"","status":"passed","title":"workflow \"development/refactor\" references existing skill \"methodology/verification-before-completion\"","duration":0.03604199999995217,"failureMessages":[],"meta":{}},{"ancestorTitles":["Existence Validation","Workflow Skill References"],"fullName":"Existence Validation Workflow Skill References workflow \"development/refactor\" references existing skill \"methodology/test-driven-development\"","status":"passed","title":"workflow \"development/refactor\" references existing skill \"methodology/test-driven-development\"","duration":0.03558299999997416,"failureMessages":[],"meta":{}},{"ancestorTitles":["Existence Validation","Workflow Skill References"],"fullName":"Existence Validation Workflow Skill References workflow \"fullstack/authentication\" references existing skill \"security/oauth\"","status":"passed","title":"workflow \"fullstack/authentication\" references existing skill \"security/oauth\"","duration":0.03554199999996399,"failureMessages":[],"meta":{}},{"ancestorTitles":["Existence Validation","Workflow Skill References"],"fullName":"Existence Validation Workflow Skill References workflow \"fullstack/authentication\" references existing skill \"security/better-auth\"","status":"passed","title":"workflow \"fullstack/authentication\" references existing skill \"security/better-auth\"","duration":0.03454099999999016,"failureMessages":[],"meta":{}},{"ancestorTitles":["Existence Validation","Workflow Skill References"],"fullName":"Existence Validation Workflow Skill References workflow \"fullstack/authentication\" references existing skill \"security/owasp\"","status":"passed","title":"workflow \"fullstack/authentication\" references existing skill \"security/owasp\"","duration":0.033332999999970525,"failureMessages":[],"meta":{}},{"ancestorTitles":["Existence Validation","Workflow Skill References"],"fullName":"Existence Validation Workflow Skill References workflow \"fullstack/authentication\" references existing skill \"security/security-hardening\"","status":"passed","title":"workflow \"fullstack/authentication\" references existing skill \"security/security-hardening\"","duration":0.03245900000001711,"failureMessages":[],"meta":{}},{"ancestorTitles":["Existence Validation","Workflow Skill References"],"fullName":"Existence Validation Workflow Skill References workflow \"fullstack/full-feature\" references existing skill \"methodology/writing-plans\"","status":"passed","title":"workflow \"fullstack/full-feature\" references existing skill \"methodology/writing-plans\"","duration":0.03429100000005292,"failureMessages":[],"meta":{}},{"ancestorTitles":["Existence Validation","Workflow Skill References"],"fullName":"Existence Validation Workflow Skill References workflow \"fullstack/full-feature\" references existing skill \"databases/database-schema-design\"","status":"passed","title":"workflow \"fullstack/full-feature\" references existing skill \"databases/database-schema-design\"","duration":0.03383399999995618,"failureMessages":[],"meta":{}},{"ancestorTitles":["Existence Validation","Workflow Skill References"],"fullName":"Existence Validation Workflow Skill References workflow \"fullstack/full-feature\" references existing skill \"backend/api-architecture\"","status":"passed","title":"workflow \"fullstack/full-feature\" references existing skill \"backend/api-architecture\"","duration":0.050749999999993634,"failureMessages":[],"meta":{}},{"ancestorTitles":["Existence Validation","Workflow Skill References"],"fullName":"Existence Validation Workflow Skill References workflow \"fullstack/full-feature\" references existing skill \"frontend/frontend-design\"","status":"passed","title":"workflow \"fullstack/full-feature\" references existing skill \"frontend/frontend-design\"","duration":0.03412500000001728,"failureMessages":[],"meta":{}},{"ancestorTitles":["Existence Validation","Workflow Skill References"],"fullName":"Existence Validation Workflow Skill References workflow \"git/trunk-based\" references existing skill \"devops/workflow-config\"","status":"passed","title":"workflow \"git/trunk-based\" references existing skill \"devops/workflow-config\"","duration":0.034791000000041095,"failureMessages":[],"meta":{}},{"ancestorTitles":["Existence Validation","Workflow Skill References"],"fullName":"Existence Validation Workflow Skill References workflow \"git/trunk-based\" references existing skill \"devops/git-hooks\"","status":"passed","title":"workflow \"git/trunk-based\" references existing skill \"devops/git-hooks\"","duration":0.04908299999999599,"failureMessages":[],"meta":{}},{"ancestorTitles":["Existence Validation","Workflow Skill References"],"fullName":"Existence Validation Workflow Skill References workflow \"git/trunk-based\" references existing skill \"devops/feature-flags\"","status":"passed","title":"workflow \"git/trunk-based\" references existing skill \"devops/feature-flags\"","duration":0.034250000000042746,"failureMessages":[],"meta":{}},{"ancestorTitles":["Existence Validation","Workflow Skill References"],"fullName":"Existence Validation Workflow Skill References workflow \"git/trunk-based\" references existing skill \"methodology/finishing-development-branch\"","status":"passed","title":"workflow \"git/trunk-based\" references existing skill \"methodology/finishing-development-branch\"","duration":0.03533400000003439,"failureMessages":[],"meta":{}},{"ancestorTitles":["Existence Validation","Workflow Skill References"],"fullName":"Existence Validation Workflow Skill References workflow \"omega/1000x-innovation\" references existing skill \"omega/omega-thinking\"","status":"passed","title":"workflow \"omega/1000x-innovation\" references existing skill \"omega/omega-thinking\"","duration":0.052042000000028565,"failureMessages":[],"meta":{}},{"ancestorTitles":["Existence Validation","Workflow Skill References"],"fullName":"Existence Validation Workflow Skill References workflow \"omega/1000x-innovation\" references existing skill \"omega/omega-architecture\"","status":"passed","title":"workflow \"omega/1000x-innovation\" references existing skill \"omega/omega-architecture\"","duration":0.034832999999935055,"failureMessages":[],"meta":{}},{"ancestorTitles":["Existence Validation","Workflow Skill References"],"fullName":"Existence Validation Workflow Skill References workflow \"omega/100x-architecture\" references existing skill \"omega/omega-architecture\"","status":"passed","title":"workflow \"omega/100x-architecture\" references existing skill \"omega/omega-architecture\"","duration":0.03304199999990942,"failureMessages":[],"meta":{}},{"ancestorTitles":["Existence Validation","Workflow Skill References"],"fullName":"Existence Validation Workflow Skill References workflow \"omega/100x-architecture\" references existing skill \"omega/omega-thinking\"","status":"passed","title":"workflow \"omega/100x-architecture\" references existing skill \"omega/omega-thinking\"","duration":0.04983299999992141,"failureMessages":[],"meta":{}},{"ancestorTitles":["Existence Validation","Workflow Skill References"],"fullName":"Existence Validation Workflow Skill References workflow \"omega/10x-improvement\" references existing skill \"omega/omega-thinking\"","status":"passed","title":"workflow \"omega/10x-improvement\" references existing skill \"omega/omega-thinking\"","duration":0.03424999999992906,"failureMessages":[],"meta":{}},{"ancestorTitles":["Existence Validation","Workflow Skill References"],"fullName":"Existence Validation Workflow Skill References workflow \"omega/10x-improvement\" references existing skill \"omega/omega-coding\"","status":"passed","title":"workflow \"omega/10x-improvement\" references existing skill \"omega/omega-coding\"","duration":0.03312499999992724,"failureMessages":[],"meta":{}},{"ancestorTitles":["Existence Validation","Workflow Skill References"],"fullName":"Existence Validation Workflow Skill References workflow \"quality/performance-optimization\" references existing skill \"ai-engineering/inference-optimization\"","status":"passed","title":"workflow \"quality/performance-optimization\" references existing skill \"ai-engineering/inference-optimization\"","duration":0.05008399999996982,"failureMessages":[],"meta":{}},{"ancestorTitles":["Existence Validation","Workflow Skill References"],"fullName":"Existence Validation Workflow Skill References workflow \"quality/performance-optimization\" references existing skill \"databases/database-optimization\"","status":"passed","title":"workflow \"quality/performance-optimization\" references existing skill \"databases/database-optimization\"","duration":0.033542000000011285,"failureMessages":[],"meta":{}},{"ancestorTitles":["Existence Validation","Workflow Skill References"],"fullName":"Existence Validation Workflow Skill References workflow \"research/best-practices\" references existing skill \"methodology/research-validation\"","status":"passed","title":"workflow \"research/best-practices\" references existing skill \"methodology/research-validation\"","duration":0.03329199999996035,"failureMessages":[],"meta":{}},{"ancestorTitles":["Existence Validation","Workflow Skill References"],"fullName":"Existence Validation Workflow Skill References workflow \"research/technology-research\" references existing skill \"methodology/research-validation\"","status":"passed","title":"wor
[...]
ng\" has SKILL.md file","status":"passed","title":"skill \"security/security-hardening\" has SKILL.md file","duration":0.0377090000000635,"failureMessages":[],"meta":{}},{"ancestorTitles":["Existence Validation","All Skills Have SKILL.md"],"fullName":"Existence Validation All Skills Have SKILL.md skill \"simulation/numerical-methods\" has SKILL.md file","status":"passed","title":"skill \"simulation/numerical-methods\" has SKILL.md file","duration":0.03558399999997164,"failureMessages":[],"meta":{}},{"ancestorTitles":["Existence Validation","All Skills Have SKILL.md"],"fullName":"Existence Validation All Skills Have SKILL.md skill \"simulation/parallel-computing\" has SKILL.md file","status":"passed","title":"skill \"simulation/parallel-computing\" has SKILL.md file","duration":0.03879199999994398,"failureMessages":[],"meta":{}},{"ancestorTitles":["Existence Validation","All Skills Have SKILL.md"],"fullName":"Existence Validation All Skills Have SKILL.md skill \"simulation/physics-engines\" has SKILL.md file","status":"passed","title":"skill \"simulation/physics-engines\" has SKILL.md file","duration":0.03604099999995469,"failureMessages":[],"meta":{}},{"ancestorTitles":["Existence Validation","All Skills Have SKILL.md"],"fullName":"Existence Validation All Skills Have SKILL.md skill \"simulation/validation-verification\" has SKILL.md file","status":"passed","title":"skill \"simulation/validation-verification\" has SKILL.md file","duration":0.037542000000030384,"failureMessages":[],"meta":{}},{"ancestorTitles":["Existence Validation","All Skills Have SKILL.md"],"fullName":"Existence Validation All Skills Have SKILL.md skill \"simulation/visualization-scientific\" has SKILL.md file","status":"passed","title":"skill \"simulation/visualization-scientific\" has SKILL.md file","duration":0.03674999999998363,"failureMessages":[],"meta":{}},{"ancestorTitles":["Existence Validation","All Skills Have SKILL.md"],"fullName":"Existence Validation All Skills Have SKILL.md skill \"testing/chaos-engineering\" has SKILL.md file","status":"passed","title":"skill \"testing/chaos-engineering\" has SKILL.md file","duration":0.0371660000000702,"failureMessages":[],"meta":{}},{"ancestorTitles":["Existence Validation","All Skills Have SKILL.md"],"fullName":"Existence Validation All Skills Have SKILL.md skill \"testing/chaos-testing\" has SKILL.md file","status":"passed","title":"skill \"testing/chaos-testing\" has SKILL.md file","duration":0.03737499999999727,"failureMessages":[],"meta":{}},{"ancestorTitles":["Existence Validation","All Skills Have SKILL.md"],"fullName":"Existence Validation All Skills Have SKILL.md skill \"testing/comprehensive-testing\" has SKILL.md file","status":"passed","title":"skill \"testing/comprehensive-testing\" has SKILL.md file","duration":0.0354579999999487,"failureMessages":[],"meta":{}},{"ancestorTitles":["Existence Validation","All Skills Have SKILL.md"],"fullName":"Existence Validation All Skills Have SKILL.md skill \"testing/mutation-testing\" has SKILL.md file","status":"passed","title":"skill \"testing/mutation-testing\" has SKILL.md file","duration":0.0352500000000191,"failureMessages":[],"meta":{}},{"ancestorTitles":["Existence Validation","All Skills Have SKILL.md"],"fullName":"Existence Validation All Skills Have SKILL.md skill \"testing/performance-testing\" has SKILL.md file","status":"passed","title":"skill \"testing/performance-testing\" has SKILL.md file","duration":0.036875000000009095,"failureMessages":[],"meta":{}},{"ancestorTitles":["Existence Validation","All Skills Have SKILL.md"],"fullName":"Existence Validation All Skills Have SKILL.md skill \"testing/playwright\" has SKILL.md file","status":"passed","title":"skill \"testing/playwright\" has SKILL.md file","duration":0.03566699999998946,"failureMessages":[],"meta":{}},{"ancestorTitles":["Existence Validation","All Skills Have SKILL.md"],"fullName":"Existence Validation All Skills Have SKILL.md skill \"testing/property-testing\" has SKILL.md file","status":"passed","title":"skill \"testing/property-testing\" has SKILL.md file","duration":0.035750000000007276,"failureMessages":[],"meta":{}},{"ancestorTitles":["Existence Validation","All Skills Have SKILL.md"],"fullName":"Existence Validation All Skills Have SKILL.md skill \"testing/pytest\" has SKILL.md file","status":"passed","title":"skill \"testing/pytest\" has SKILL.md file","duration":0.03641699999991488,"failureMessages":[],"meta":{}},{"ancestorTitles":["Existence Validation","All Skills Have SKILL.md"],"fullName":"Existence Validation All Skills Have SKILL.md skill \"testing/security-testing\" has SKILL.md file","status":"passed","title":"skill \"testing/security-testing\" has SKILL.md file","duration":0.035750000000007276,"failureMessages":[],"meta":{}},{"ancestorTitles":["Existence Validation","All Skills Have SKILL.md"],"fullName":"Existence Validation All Skills Have SKILL.md skill \"testing/vitest\" has SKILL.md file","status":"passed","title":"skill \"testing/vitest\" has SKILL.md file","duration":0.035499999999956344,"failureMessages":[],"meta":{}},{"ancestorTitles":["Existence Validation","All Skills Have SKILL.md"],"fullName":"Existence Validation All Skills Have SKILL.md skill \"tools/document-processing\" has SKILL.md file","status":"passed","title":"skill \"tools/document-processing\" has SKILL.md file","duration":0.035499999999956344,"failureMessages":[],"meta":{}},{"ancestorTitles":["Existence Validation","All Skills Have SKILL.md"],"fullName":"Existence Validation All Skills Have SKILL.md skill \"tools/image-processing\" has SKILL.md file","status":"passed","title":"skill \"tools/image-processing\" has SKILL.md file","duration":0.03749999999990905,"failureMessages":[],"meta":{}},{"ancestorTitles":["Existence Validation","All Skills Have SKILL.md"],"fullName":"Existence Validation All Skills Have SKILL.md skill \"tools/mcp-development\" has SKILL.md file","status":"passed","title":"skill \"tools/mcp-development\" has SKILL.md file","duration":0.03558299999997416,"failureMessages":[],"meta":{}},{"ancestorTitles":["Existence Validation","All Skills Have SKILL.md"],"fullName":"Existence Validation All Skills Have SKILL.md skill \"tools/media-processing\" has SKILL.md file","status":"passed","title":"skill \"tools/media-processing\" has SKILL.md file","duration":0.03495800000007421,"failureMessages":[],"meta":{}},{"ancestorTitles":["Existence Validation","All Agents Have Valid Files"],"fullName":"Existence Validation All Agents Have Valid Files agent file \"ai-architect-agent.md\" is not empty","status":"passed","title":"agent file \"ai-architect-agent.md\" is not empty","duration":0.24041699999997945,"failureMessages":[],"meta":{}},{"ancestorTitles":["Existence Validation","All Agents Have Valid Files"],"fullName":"Existence Validation All Agents Have Valid Files agent file \"api-designer.md\" is not empty","status":"passed","title":"agent file \"api-designer.md\" is not empty","duration":0.05995799999993778,"failureMessages":[],"meta":{}},{"ancestorTitles":["Existence Validation","All Agents Have Valid Files"],"fullName":"Existence Validation All Agents Have Valid Files agent file \"architect.md\" is not empty","status":"passed","title":"agent file \"architect.md\" is not empty","duration":0.09079200000007859,"failureMessages":[],"meta":{}},{"ancestorTitles":["Existence Validation","All Agents Have Valid Files"],"fullName":"Existence Validation All Agents Have Valid Files agent file \"autonomous-orchestrator.yaml\" is not empty","status":"passed","title":"agent file \"autonomous-orchestrator.yaml\" is not empty","duration":0.28537500000004457,"failureMessages":[],"meta":{}},{"ancestorTitles":["Existence Validation","All Agents Have Valid Files"],"fullName":"Existence Validation All Agents Have Valid Files agent file \"brainstormer.md\" is not empty","status":"passed","title":"agent file \"brainstormer.md\" is not empty","duration":0.05587500000001455,"failureMessages":[],"meta":{}},{"ancestorTitles":["Existence Validation","All Agents Have Valid Files"],"fullName":"Existence Validation All Agents Have Valid Files agent file \"cicd-manager.md\" is not empty","status":"passed","title":"agent file \"cicd-manager.md\" is not empty","duration":0.049624999999991815,"failureMessages":[],"meta":{}},{"ancestorTitles":["Existence Validation","All Agents Have Valid Files"],"fullName":"Existence Validation All Agents Have Valid Files agent file \"code-reviewer.md\" is not empty","status":"passed","title":"agent file \"code-reviewer.md\" is not empty","duration":0.06558399999994435,"failureMessages":[],"meta":{}},{"ancestorTitles":["Existence Validation","All Agents Have Valid Files"],"fullName":"Existence Validation All Agents Have Valid Files agent file \"copywriter.md\" is not empty","status":"passed","title":"agent file \"copywriter.md\" is not empty","duration":0.05104200000005221,"failureMessages":[],"meta":{}},{"ancestorTitles":["Existence Validation","All Agents Have Valid Files"],"fullName":"Existence Validation All Agents Have Valid Files agent file \"data-engineer.md\" is not empty","status":"passed","title":"agent file \"data-engineer.md\" is not empty","duration":0.18520799999998871,"failureMessages":[],"meta":{}},{"ancestorTitles":["Existence Validation","All Agents Have Valid Files"],"fullName":"Existence Validation All Agents Have Valid Files agent file \"data-scientist-agent.md\" is not empty","status":"passed","title":"agent file \"data-scientist-agent.md\" is not empty","duration":0.06295799999998053,"failureMessages":[],"meta":{}},{"ancestorTitles":["Existence Validation","All Agents Have Valid Files"],"fullName":"Existence Validation All Agents Have Valid Files agent file \"database-admin.md\" is not empty","status":"passed","title":"agent file \"database-admin.md\" is not empty","duration":0.05291699999997945,"failureMessages":[],"meta":{}},{"ancestorTitles":["Existence Validation","All Agents Have Valid Files"],"fullName":"Existence Validation All Agents Have Valid Files agent file \"debugger.md\" is not empty","status":"passed","title":"agent file \"debugger.md\" is not empty","duration":0.13141700000005585,"failureMessages":[],"meta":{}},{"ancestorTitles":["Existence Validation","All Agents Have Valid Files"],"fullName":"Existence Validation All Agents Have Valid Files agent file \"devsecops.md\" is not empty","status":"passed","title":"agent file \"devsecops.md\" is not empty","duration":0.07845900000006623,"failureMessages":[],"meta":{}},{"ancestorTitles":["Existence Validation","All Agents Have Valid Files"],"fullName":"Existence Validation All Agents Have Valid Files agent file \"docs-manager.md\" is not empty","status":"passed","title":"agent file \"docs-manager.md\" is not empty","duration":0.07074999999997544,"failureMessages":[],"meta":{}},{"ancestorTitles":["Existence Validation","All Agents Have Valid Files"],"fullName":"Existence Validation All Agents Have Valid Files agent file \"domain-decomposer.md\" is not empty","status":"passed","title":"agent file \"domain-decomposer.md\" is not empty","duration":0.07108299999993051,"failureMessages":[],"meta":{}},{"ancestorTitles":["Existence Validation","All Agents Have Valid Files"],"fullName":"Existence Validation All Agents Have Valid Files agent file \"embedded-systems.md\" is not empty","status":"passed","title":"agent file \"embedded-systems.md\" is not empty","duration":0.07650000000001,"failureMessages":[],"meta":{}},{"ancestorTitles":["Existence Validation","All Agents Have Valid Files"],"fullName":"Existence Validation All Agents Have Valid Files agent file \"experiment-analyst-agent.md\" is not empty","status":"passed","title":"agent file \"experiment-analyst-agent.md\" is not empty","duration":0.08633399999996527,"failureMessages":[],"meta":{}},{"ancestorTitles":["Existence Validation","All Agents Have Valid Files"],"fullName":"Existence Validation All Agents Have Valid Files agent file \"fullstack-developer.md\" is not empty","status":"passed","title":"agent file \"fullstack-developer.md\" is not empty","duration":0.09416699999997036,"failureMessages":[],"meta":{}},{"ancestorTitles":["Existence Validation","All Agents Have Valid Files"],"fullName":"Existence Validation All Agents Have Valid Files agent file \"game-systems-designer.md\" is not empty","status":"passed","title":"agent file \"game-systems-designer.md\" is not empty","duration":0.05870900000002166,"failureMessages":[],"meta":{}},{"ancestorTitles":["Existence Validation","All Agents Have Valid Files"],"fullName":"Existence Validation All Agents Have Valid Files agent file \"git-manager.md\" is not empty","status":"passed","title":"agent file \"git-manager.md\" is not empty","duration":0.063541999999984,"failureMessages":[],"meta":{}},{"ancestorTitles":["Existence Validation","All Agents Have Valid Files"],"fullName":"Existence Validation All Agents Have Valid Files agent file \"journal-writer.md\" is not empty","status":"passed","title":"agent file \"journal-writer.md\" is not empty","duration":0.05341699999996763,"failureMessages":[],"meta":{}},{"ancestorTitles":["Existence Validation","All Agents Have Valid Files"],"fullName":"Existence Validation All Agents Have Valid Files agent file \"ml-engineer-agent.md\" is not empty","status":"passed","title":"agent file \"ml-engineer-agent.md\" is not empty","duration":0.04891599999996288,"failureMessages":[],"meta":{}},{"ancestorTitles":["Existence Validation","All Agents Have Valid Files"],"fullName":"Existence Validation All Agents Have Valid Files agent file \"ml-engineer.md\" is not empty","status":"passed","title":"agent file \"ml-engineer.md\" is not empty","duration":0.04941699999994853,"failureMessages":[],"meta":{}},{"ancestorTitles":["Existence Validation","All Agents Have Valid Files"],"fullName":"Existence Validation All Agents Have Valid Files agent file \"mlops-engineer-agent.md\" is not empty","status":"passed","title":"agent file \"mlops-engineer-agent.md\" is not empty","duration":0.06337500000006457,"failureMessages":[],"meta":{}},{"ancestorTitles":["Existence Validation","All Agents Have Valid Files"],"fullName":"Existence Validation All Agents Have Valid Files agent file \"model-optimizer-agent.md\" is not empty","status":"passed","title":"agent file \"model-optimizer-agent.md\" is not empty","duration":0.06174999999996089,"failureMessages":[],"meta":{}},{"ancestorTitles":["Existence Validation","All Agents Have Valid Files"],"fullName":"Existence Validation All Agents Have Valid Files agent file \"observability-engineer.md\" is not empty","status":"passed","title":"agent file \"observability-engineer.md\" is not empty","duration":0.052500000000009095,"failureMessages":[],"meta":{}},{"ancestorTitles":["Existence Validation","All Agents Have Valid Files"],"fullName":"Existence Validation All Agents Have Valid Files agent file \"oracle.md\" is not empty","status":"passed","title":"agent file \"oracle.md\" is not empty","duration":0.061875000000100044,"failureMessages":[],"meta":{}},{"ancestorTitles":["Existence Validation","All Agents Have Valid Files"],"fullName":"Existence Validation All Agents Have Valid Files agent file \"performance-engineer.md\" is not empty","status":"passed","title":"agent file \"performance-engineer.md\" is not empty","duration":0.05004199999996217,"failureMessages":[],"meta":{}},{"ancestorTitles":["Existence Validation","All Agents Have Valid Files"],"fullName":"Existence Validation All Agents Have Valid Files agent file \"pipeline-architect.md\" is not empty","status":"passed","title":"agent file \"pipeline-architect.md\" is not empty","duration":0.04783300000008239,"failureMessages":[],"meta":{}},{"ancestorTitles":["Existence Validation","All Agents Have Valid Files"],"fullName":"Existence Validation All Agents Have Valid Files agent file \"planner.md\" is not empty","status":"passed","title":"agent file \"planner.md\" is not empty","duration":0.061624999999935426,"failureMessages":[],"meta":{}},{"ancestorTitles":["Existence Validation","All Agents Have Valid Files"],"fullName":"Existence Validation All Agents Have Valid Files agent file \"platform-engineer.md\" is not empty","status":"passed","title":"agent file \"platform-engineer.md\" is not empty","duration":0.056791999999973086,"failureMessages":[],"meta":{}},{"ancestorTitles":["Existence Validation","All Agents Have Valid Files"],"fullName":"Existence Validation All Agents Have Valid Files agent file \"production-engineer-agent.md\" is not empty","status":"passed","title":"agent file \"production-engineer-agent.md\" is not empty","duration":0.06775000000004638,"failureMessages":[],"meta":{}},{"ancestorTitles":["Existence Validation","All Agents Have Valid Files"],"fullName":"Existence Validation All Agents Have Valid Files agent file \"project-manager.md\" is not empty","status":"passed","title":"agent file \"project-manager.md\" is not empty","duration":0.04670799999996689,"failureMessages":[],"meta":{}},{"ancestorTitles":["Existence Validation","All Agents Have Valid Files"],"fullName":"Existence Validation All Agents Have Valid Files agent file \"research-scientist-agent.md\" is not empty","status":"passed","title":"agent file \"research-scientist-agent.md\" is not empty","duration":0.05379200000004403,"failureMessages":[],"meta":{}},{"ancestorTitles":["Existence Validation","All Agents Have Valid Files"],"fullName":"Existence Validation All Agents Have Valid Files agent file \"researcher.md\" is not empty","status":"passed","title":"agent file \"researcher.md\" is not empty","duration":0.05645900000001802,"failureMessages":[],"meta":{}},{"ancestorTitles":["Existence Validation","All Agents Have Valid Files"],"fullName":"Existence Validation All Agents Have Valid Files agent file \"scientific-computing.md\" is not empty","status":"passed","title":"agent file \"scientific-computing.md\" is not empty","duration":0.057583000000022366,"failureMessages":[],"meta":{}},{"ancestorTitles":["Existence Validation","All Agents Have Valid Files"],"fullName":"Existence Validation All Agents Have Valid Files agent file \"scout.md\" is not empty","status":"passed","title":"agent file \"scout.md\" is not empty","duration":0.06275000000005093,"failureMessages":[],"meta":{}},{"ancestorTitles":["Existence Validation","All Agents Have Valid Files"],"fullName":"Existence Validation All Agents Have Valid Files agent file \"security-auditor.md\" is not empty","status":"passed","title":"agent file \"security-auditor.md\" is not empty","duration":0.059833000000026004,"failureMessages":[],"meta":{}},{"ancestorTitles":["Existence Validation","All Agents Have Valid Files"],"fullName":"Existence Validation All Agents Have Valid Files agent file \"sprint-master.md\" is not empty","status":"passed","title":"agent file \"sprint-master.md\" is not empty","duration":0.0820410000000038,"failureMessages":[],"meta":{}},{"ancestorTitles":["Existence Validation","All Agents Have Valid Files"],"fullName":"Existence Validation All Agents Have Valid Files agent file \"tester.md\" is not empty","status":"passed","title":"agent file \"tester.md\" is not empty","duration":0.10304199999995944,"failureMessages":[],"meta":{}},{"ancestorTitles":["Existence Validation","All Agents Have Valid Files"],"fullName":"Existence Validation All Agents Have Valid Files agent file \"ui-ux-designer.md\" is not empty","status":"passed","title":"agent file \"ui-ux-designer.md\" is not empty","duration":0.13162499999998545,"failureMessages":[],"meta":{}},{"ancestorTitles":["Existence Validation","All Agents Have Valid Files"],"fullName":"Existence Validation All Agents Have Valid Files agent file \"vulnerability-scanner.md\" is not empty","status":"passed","title":"agent file \"vulnerability-scanner.md\" is not empty","duration":0.13570800000002237,"failureMessages":[],"meta":{}}],"startTime":1767851221196,"endTime":1767851221261.1357,"status":"passed","message":"","name":"/Users/doanchienthang/omg/omgkit/tests/validation/existence.test.js"}]}